<?xml version="1.0" encoding="UTF-8"?>
<!-- Generated by org.testng.reporters.JUnitReportReporter -->
<testsuite hostname="AghilMaghil" failures="0" tests="3" name="vikramnewproject.testcases.Register" time="28.137" errors="0" timestamp="2023-12-09T20:45:01 IST" skipped="0">
  <testcase classname="vikramnewproject.testcases.Register" name="verifyRegisterAnAccountwithMandatoryFields" time="24.286"/>
  <testcase classname="vikramnewproject.testcases.Register" name="verifyRegisterAnAccountwithEmptyFields" time="1.834"/>
  <testcase classname="vikramnewproject.testcases.Register" name="verifyRegisterAnAccountwithSubscribeMandatoryFields" time="2.017"/>
</testsuite> <!-- vikramnewproject.testcases.Register -->
